<?xml version="1.0" encoding="UTF-8"?>
<!-- Generated by org.testng.reporters.JUnitReportReporter -->
<testsuite hostname="DESKTOP-2VU3J8C" failures="0" tests="1" name="scripts.API" time="2.012" errors="0" timestamp="21 Jun 2023 15:38:18 GMT" skipped="0">
  <testcase classname="scripts.API" name="test" time="2.012"/>
</testsuite> <!-- scripts.API -->
