<?xml version="1.0" encoding="UTF-8"?>
<!-- Generated by org.testng.reporters.JUnitReportReporter -->
<testsuite hostname="DESKTOP-2VU3J8C" failures="0" tests="1" name="scripts.Tester" time="1.987" errors="0" timestamp="15 Jan 2023 18:35:31 GMT" skipped="0">
  <testcase classname="scripts.Tester" name="test1" time="1.987"/>
</testsuite> <!-- scripts.Tester -->
